\BOOKMARK [-1][-]{part.1}{I Morelia Hive 2}{}% 1
\BOOKMARK [0][-]{chapter.1}{Introduction}{part.1}% 2
\BOOKMARK [1][-]{section.1.1}{Introduction}{chapter.1}% 3
\BOOKMARK [0][-]{chapter.2}{Analysis of Raw Data}{part.1}% 4
\BOOKMARK [1][-]{subsection.2.0.1}{Activity Per Day of Raw Data}{chapter.2}% 5
\BOOKMARK [2][-]{subsection.2.0.2}{Bee Life Cycle}{subsection.2.0.1}% 6
\BOOKMARK [2][-]{subsection.2.0.3}{Analysis of Activity per Hour}{subsection.2.0.1}% 7
\BOOKMARK [0][-]{chapter.3}{Analysis of Clean Data}{part.1}% 8
\BOOKMARK [1][-]{subsection.3.0.1}{Activity Per Day of Clean Data}{chapter.3}% 9
\BOOKMARK [2][-]{subsection.3.0.2}{Bee Life Cycle}{subsection.3.0.1}% 10
\BOOKMARK [2][-]{subsection.3.0.3}{Analysis of Activity per Hour}{subsection.3.0.1}% 11
\BOOKMARK [-1][-]{part.2}{II Morelia Hive 1}{}% 12
\BOOKMARK [0][-]{chapter.4}{Introduction}{part.2}% 13
\BOOKMARK [1][-]{section.4.1}{Introduction}{chapter.4}% 14
\BOOKMARK [0][-]{chapter.5}{Analysis of Raw Data}{part.2}% 15
\BOOKMARK [1][-]{subsection.5.0.1}{Activity Per Day of Raw Data}{chapter.5}% 16
\BOOKMARK [2][-]{subsection.5.0.2}{Bee Life Cycle}{subsection.5.0.1}% 17
\BOOKMARK [2][-]{subsection.5.0.3}{Analysis of Activity per Hour}{subsection.5.0.1}% 18
\BOOKMARK [0][-]{chapter.6}{Analysis of Clean Data}{part.2}% 19
\BOOKMARK [1][-]{subsection.6.0.1}{Activity Per Day of Clean Data}{chapter.6}% 20
\BOOKMARK [2][-]{subsection.6.0.2}{Bee Life Cycle}{subsection.6.0.1}% 21
\BOOKMARK [2][-]{subsection.6.0.3}{Analysis of Activity per Hour}{subsection.6.0.1}% 22
